# JRE version: OpenJDK Runtime Environment (8.0_151-b12) (build 1.8.0_151-b12)
# Java VM: OpenJDK 64-Bit Server VM (25.151-b12 mixed mode linux-amd64 compressed oops)
Heap:
 garbage-first heap   total 262144K, used 156952K [0x00000000c0000000, 0x00000000c0100800, 0x0000000100000000)
  region size 1024K, 78 young (79872K), 7 survivors (7168K)
 Metaspace       used 119666K, capacity 131400K, committed 131664K, reserved 1163264K
  class space    used 13689K, capacity 17154K, committed 17232K, reserved 1048576K
GC Heap History (10 events):
Event: 2949.883 GC heap before
{Heap before GC invocations=44 (full 0):
 garbage-first heap   total 262144K, used 228632K [0x00000000c0000000, 0x00000000c0100800, 0x0000000100000000)
  region size 1024K, 147 young (150528K), 6 survivors (6144K)
 Metaspace       used 117310K, capacity 128884K, committed 129360K, reserved 1161216K
  class space    used 13432K, capacity 16824K, committed 16976K, reserved 1048576K
Event: 2949.911 GC heap after
Heap after GC invocations=45 (full 0):
 garbage-first heap   total 262144K, used 83736K [0x00000000c0000000, 0x00000000c0100800, 0x0000000100000000)
  region size 1024K, 6 young (6144K), 6 survivors (6144K)
 Metaspace       used 117310K, capacity 128884K, committed 129360K, reserved 1161216K
  class space    used 13432K, capacity 16824K, committed 16976K, reserved 1048576K
}
Event: 3063.223 GC heap before
{Heap before GC invocations=45 (full 0):
 garbage-first heap   total 262144K, used 228120K [0x00000000c0000000, 0x00000000c0100800, 0x0000000100000000)
  region size 1024K, 147 young (150528K), 6 survivors (6144K)
 Metaspace       used 117359K, capacity 128884K, committed 129360K, reserved 1161216K
  class space    used 13437K, capacity 16824K, committed 16976K, reserved 1048576K
Event: 3063.234 GC heap after
Heap after GC invocations=46 (full 0):
 garbage-first heap   total 262144K, used 83224K [0x00000000c0000000, 0x00000000c0100800, 0x0000000100000000)
  region size 1024K, 5 young (5120K), 5 survivors (5120K)
 Metaspace       used 117359K, capacity 128884K, committed 129360K, reserved 1161216K
  class space    used 13437K, capacity 16824K, committed 16976K, reserved 1048576K
}
Event: 3100.719 GC heap before
{Heap before GC invocations=46 (full 0):
 garbage-first heap   total 262144K, used 229656K [0x00000000c0000000, 0x00000000c0100800, 0x0000000100000000)
  region size 1024K, 148 young (151552K), 5 survivors (5120K)
 Metaspace       used 117448K, capacity 129024K, committed 129360K, reserved 1161216K
  class space    used 13438K, capacity 16826K, committed 16976K, reserved 1048576K
Event: 3100.737 GC heap after
Heap after GC invocations=47 (full 0):
 garbage-first heap   total 262144K, used 82712K [0x00000000c0000000, 0x00000000c0100800, 0x0000000100000000)
  region size 1024K, 5 young (5120K), 5 survivors (5120K)
 Metaspace       used 117448K, capacity 129024K, committed 129360K, reserved 1161216K
  class space    used 13438K, capacity 16826K, committed 16976K, reserved 1048576K
}
Event: 3155.454 GC heap before
{Heap before GC invocations=47 (full 0):
 garbage-first heap   total 262144K, used 229144K [0x00000000c0000000, 0x00000000c0100800, 0x0000000100000000)
  region size 1024K, 148 young (151552K), 5 survivors (5120K)
 Metaspace       used 117550K, capacity 129088K, committed 129360K, reserved 1161216K
  class space    used 13443K, capacity 16826K, committed 16976K, reserved 1048576K
Event: 3155.469 GC heap after
Heap after GC invocations=48 (full 0):
 garbage-first heap   total 262144K, used 85784K [0x00000000c0000000, 0x00000000c0100800, 0x0000000100000000)
  region size 1024K, 8 young (8192K), 8 survivors (8192K)
 Metaspace       used 117550K, capacity 129088K, committed 129360K, reserved 1161216K
  class space    used 13443K, capacity 16826K, committed 16976K, reserved 1048576K
}
Event: 3216.784 GC heap before
{Heap before GC invocations=48 (full 0):
 garbage-first heap   total 262144K, used 226072K [0x00000000c0000000, 0x00000000c0100800, 0x0000000100000000)
  region size 1024K, 145 young (148480K), 8 survivors (8192K)
 Metaspace       used 118579K, capacity 130116K, committed 130384K, reserved 1163264K
  class space    used 13545K, capacity 16931K, committed 16976K, reserved 1048576K
Event: 3216.797 GC heap after
Heap after GC invocations=49 (full 0):
 garbage-first heap   total 262144K, used 85272K [0x00000000c0000000, 0x00000000c0100800, 0x0000000100000000)
  region size 1024K, 7 young (7168K), 7 survivors (7168K)
 Metaspace       used 118579K, capacity 130116K, committed 130384K, reserved 1163264K
  class space    used 13545K, capacity 16931K, committed 16976K, reserved 1048576K
}

